#
# There is insufficient memory for the Java Runtime Environment to continue.
# Native memory allocation (malloc) failed to allocate 32756 bytes for ChunkPool::allocate
# Possible reasons:
#   The system is out of physical RAM or swap space
#   In 32 bit mode, the process size limit was hit
# Possible solutions:
#   Reduce memory load on the system
#   Increase physical memory or swap space
#   Check if swap backing store is full
#   Use 64 bit Java on a 64 bit OS
#   Decrease Java heap size (-Xmx/-Xms)
#   Decrease number of Java threads
#   Decrease Java thread stack sizes (-Xss)
#   Set larger code cache with -XX:ReservedCodeCacheSize=
# This output file may be truncated or incomplete.
#
#  Out of Memory Error (allocation.cpp:211), pid=5432, tid=864
#
# JRE version: 6.0_26-b03
# Java VM: Java HotSpot(TM) Client VM (20.1-b02 mixed mode, sharing windows-x86 )

---------------  T H R E A D  ---------------

Current thread (0x02e12000):  JavaThread "C1 CompilerThread0" daemon [_thread_in_native, id=864, stack(0x03040000,0x03090000)]

Stack: [0x03040000,0x03090000],  sp=0x0308f710,  free space=317k
Native frames: (J=compiled Java code, j=interpreted, Vv=VM code, C=native code)
V  [jvm.dll+0x13379a]
V  [jvm.dll+0x12e78c]
V  [jvm.dll+0x53be9]
V  [jvm.dll+0x53de2]
V  [jvm.dll+0x53fe3]
V  [jvm.dll+0x65b7e]
V  [jvm.dll+0x12d59b]
V  [jvm.dll+0x1e3701]
V  [jvm.dll+0x1fcb39]
V  [jvm.dll+0x151cdc]
V  [jvm.dll+0x1fc5ed]
V  [jvm.dll+0x1fc609]
V  [jvm.dll+0x1e3889]
V  [jvm.dll+0x1e3afe]
V  [jvm.dll+0x1e3b6c]
V  [jvm.dll+0x1e3cbf]
V  [jvm.dll+0x1e3f14]
V  [jvm.dll+0x3db2d]
V  [jvm.dll+0x3e655]
V  [jvm.dll+0x1190d4]
V  [jvm.dll+0x1411ac]
C  [msvcr71.dll+0x9565]  endthreadex+0xa0
C  [kernel32.dll+0xb729]  GetModuleFileNameA+0x1ba


Current CompileTask:
C1:19463738 7269  !   com.google.inject.spi.InjectionPoint.forConstructorOf(Lcom/google/inject/TypeLiteral;)Lcom/google/inject/spi/InjectionPoint; (243 bytes)


---------------  P R O C E S S  ---------------

Java Threads: ( => current thread )
  0x041d0400 JavaThread "http-2020-7" daemon [_thread_blocked, id=4248, stack(0x05300000,0x05350000)]
  0x03c9c400 JavaThread "http-2020-6" daemon [_thread_blocked, id=5272, stack(0x052b0000,0x05300000)]
  0x03bb9400 JavaThread "http-2020-5" daemon [_thread_blocked, id=5548, stack(0x05260000,0x052b0000)]
  0x03c39400 JavaThread "http-2020-4" daemon [_thread_in_native, id=5380, stack(0x05210000,0x05260000)]
  0x03f3b000 JavaThread "http-2020-3" daemon [_thread_blocked, id=4120, stack(0x051c0000,0x05210000)]
  0x03aff400 JavaThread "http-2020-2" daemon [_thread_blocked, id=2400, stack(0x05170000,0x051c0000)]
  0x0375ac00 JavaThread "http-2020-1" daemon [_thread_in_native, id=4140, stack(0x05120000,0x05170000)]
  0x0399e400 JavaThread "http-2020-Acceptor-0" daemon [_thread_in_native, id=4940, stack(0x050d0000,0x05120000)]
  0x03325000 JavaThread "ContainerBackgroundProcessor[StandardEngine[localEngine]]" daemon [_thread_blocked, id=4376, stack(0x04000000,0x04050000)]
  0x032e9400 JavaThread "com.google.inject.internal.util.$Finalizer" daemon [_thread_blocked, id=5308, stack(0x03330000,0x03380000)]
  0x02e18000 JavaThread "Low Memory Detector" daemon [_thread_blocked, id=4628, stack(0x03090000,0x030e0000)]
=>0x02e12000 JavaThread "C1 CompilerThread0" daemon [_thread_in_native, id=864, stack(0x03040000,0x03090000)]
  0x02e10800 JavaThread "Attach Listener" daemon [_thread_blocked, id=5760, stack(0x02ff0000,0x03040000)]
  0x02e0f000 JavaThread "Signal Dispatcher" daemon [_thread_blocked, id=5960, stack(0x02fa0000,0x02ff0000)]
  0x02e08400 JavaThread "Finalizer" daemon [_thread_blocked, id=6104, stack(0x02f50000,0x02fa0000)]
  0x02e07000 JavaThread "Reference Handler" daemon [_thread_blocked, id=5232, stack(0x02f00000,0x02f50000)]
  0x00367000 JavaThread "main" [_thread_blocked, id=1152, stack(0x003b0000,0x00400000)]

Other Threads:
  0x02dcac00 VMThread [stack: 0x02eb0000,0x02f00000] [id=4588]
  0x02e22c00 WatcherThread [stack: 0x030e0000,0x03130000] [id=4228]

VM state:not at safepoint (normal execution)

VM Mutex/Monitor currently owned by a thread: None

Heap
 def new generation   total 28544K, used 6679K [0x1aa40000, 0x1c930000, 0x1ff90000)
  eden space 25408K,  24% used [0x1aa40000, 0x1b050b68, 0x1c310000)
  from space 3136K,  14% used [0x1c620000, 0x1c6952d0, 0x1c930000)
  to   space 3136K,   0% used [0x1c310000, 0x1c310000, 0x1c620000)
 tenured generation   total 63348K, used 30103K [0x1ff90000, 0x23d6d000, 0x2aa40000)
   the space 63348K,  47% used [0x1ff90000, 0x21cf5ce0, 0x21cf5e00, 0x23d6d000)
 compacting perm gen  total 38656K, used 38629K [0x2aa40000, 0x2d000000, 0x2ea40000)
   the space 38656K,  99% used [0x2aa40000, 0x2cff97b0, 0x2cff9800, 0x2d000000)
    ro space 10240K,  54% used [0x2ea40000, 0x2efbeb78, 0x2efbec00, 0x2f440000)
    rw space 12288K,  55% used [0x2f440000, 0x2fae49c8, 0x2fae4a00, 0x30040000)

Code Cache  [0x00bd0000, 0x01760000, 0x02bd0000)
 total_blobs=5505 nmethods=5329 adapters=111 free_code_cache=21474048 largest_free_block=384

Dynamic libraries:
0x00400000 - 0x00424000 	C:\Program Files\Java\jdk1.6.0_26\bin\java.exe
0x7c900000 - 0x7c9b2000 	C:\WINDOWS\system32\ntdll.dll
0x7c800000 - 0x7c8f6000 	C:\WINDOWS\system32\kernel32.dll
0x002b0000 - 0x0031c000 	C:\WINDOWS\SYSTEM32\SYSFER.DLL
0x77dd0000 - 0x77e6b000 	C:\WINDOWS\system32\ADVAPI32.dll
0x77e70000 - 0x77f03000 	C:\WINDOWS\system32\RPCRT4.dll
0x77fe0000 - 0x77ff1000 	C:\WINDOWS\system32\Secur32.dll
0x7c340000 - 0x7c396000 	C:\Program Files\Java\jdk1.6.0_26\jre\bin\msvcr71.dll
0x6d8a0000 - 0x6db4f000 	C:\Program Files\Java\jdk1.6.0_26\jre\bin\client\jvm.dll
0x7e410000 - 0x7e4a1000 	C:\WINDOWS\system32\USER32.dll
0x77f10000 - 0x77f59000 	C:\WINDOWS\system32\GDI32.dll
0x76b40000 - 0x76b6d000 	C:\WINDOWS\system32\WINMM.dll
0x76390000 - 0x763ad000 	C:\WINDOWS\system32\IMM32.DLL
0x629c0000 - 0x629c9000 	C:\WINDOWS\system32\LPK.DLL
0x74d90000 - 0x74dfb000 	C:\WINDOWS\system32\USP10.dll
0x6d850000 - 0x6d85c000 	C:\Program Files\Java\jdk1.6.0_26\jre\bin\verify.dll
0x6d3d0000 - 0x6d3ef000 	C:\Program Files\Java\jdk1.6.0_26\jre\bin\java.dll
0x76bf0000 - 0x76bfb000 	C:\WINDOWS\system32\PSAPI.DLL
0x6d890000 - 0x6d89f000 	C:\Program Files\Java\jdk1.6.0_26\jre\bin\zip.dll
0x77b40000 - 0x77b62000 	C:\WINDOWS\system32\Apphelp.dll
0x77c00000 - 0x77c08000 	C:\WINDOWS\system32\VERSION.dll
0x6d6b0000 - 0x6d6c3000 	C:\Program Files\Java\jdk1.6.0_26\jre\bin\net.dll
0x71ab0000 - 0x71ac7000 	C:\WINDOWS\system32\WS2_32.dll
0x77c10000 - 0x77c68000 	C:\WINDOWS\system32\msvcrt.dll
0x71aa0000 - 0x71aa8000 	C:\WINDOWS\system32\WS2HELP.dll
0x6d6d0000 - 0x6d6d9000 	C:\Program Files\Java\jdk1.6.0_26\jre\bin\nio.dll
0x68000000 - 0x68036000 	C:\WINDOWS\system32\rsaenh.dll
0x769c0000 - 0x76a74000 	C:\WINDOWS\system32\USERENV.dll
0x5b860000 - 0x5b8b5000 	C:\WINDOWS\system32\netapi32.dll
0x71a50000 - 0x71a8f000 	C:\WINDOWS\System32\mswsock.dll
0x76f20000 - 0x76f47000 	C:\WINDOWS\system32\DNSAPI.dll
0x76d60000 - 0x76d79000 	C:\WINDOWS\system32\iphlpapi.dll
0x76fb0000 - 0x76fb8000 	C:\WINDOWS\System32\winrnr.dll
0x76f60000 - 0x76f8c000 	C:\WINDOWS\system32\WLDAP32.dll
0x64000000 - 0x64021000 	C:\Program Files\Bonjour\mdnsNSP.dll
0x76fc0000 - 0x76fc6000 	C:\WINDOWS\system32\rasadhlp.dll
0x662b0000 - 0x66308000 	C:\WINDOWS\system32\hnetcfg.dll
0x71a90000 - 0x71a98000 	C:\WINDOWS\System32\wshtcpip.dll
0x6d600000 - 0x6d609000 	C:\Program Files\Java\jdk1.6.0_26\jre\bin\management.dll

VM Arguments:
jvm_args: -Dclassworlds.conf=C:\apache-maven-3.0.3\bin\m2.conf -Dmaven.home=C:\apache-maven-3.0.3 
java_command: org.codehaus.plexus.classworlds.launcher.Launcher clean tomcat:run -Dserver.port=2020
Launcher Type: SUN_STANDARD

Environment Variables:
JAVA_HOME=C:\Program Files\Java\jdk1.6.0_26
CLASSPATH=.;C:\Program Files\Java\jre6\lib\ext\QTJava.zip
PATH=C:\WINDOWS\system32;C:\WINDOWS;C:\WINDOWS\System32\Wbem;C:\WINDOWS\system32\WindowsPowerShell\v1.0;C:\Program Files\TortoiseSVN\bin;C:\apache-maven-3.0.3\bin;C:\wamp\bin;C:\Program Files\Java\jdk1.6.0_26\bin;C:\apache-tomcat-7.0.21\bin;C:\wamp\bin\php\php5.3.5;C:\android-sdk-windows;C:\Program Files\QuickTime\QTSystem\;C:\Program Files\TortoiseGit\bin;C:\phantomjs-1.5.0-win32-static;C:\jboss-as-web-7.0.2.Final\bin;C:\Program Files\NodeJS;C:\android-sdk-windows\platform-tools;C:\Program Files\Git\bin
USERNAME=rajeshkumar_ra
OS=Windows_NT
PROCESSOR_IDENTIFIER=x86 Family 6 Model 23 Stepping 10, GenuineIntel



---------------  S Y S T E M  ---------------

OS: Windows XP Build 2600 Service Pack 3

CPU:total 2 (2 cores per cpu, 1 threads per core) family 6 model 23 stepping 10, cmov, cx8, fxsr, mmx, sse, sse2, sse3, ssse3

Memory: 4k page, physical 2085780k(117308k free), swap 3452880k(66124k free)

vm_info: Java HotSpot(TM) Client VM (20.1-b02) for windows-x86 JRE (1.6.0_26-b03), built on May  4 2011 00:50:59 by "java_re" with MS VC++ 7.1 (VS2003)

time: Thu Feb 07 17:40:30 2013
elapsed time: 19463 seconds

